app/build/intermediates/manifest_merge_blame_file/release/processReleaseMainManifest/manifest-merger-blame-release-report.txt
1<?xml version="1.0" encoding="utf-8"?>
2<manifest xmlns:android="http://schemas.android.com/apk/res/android"
3    package="com.finance.loanmanager"
4    android:versionCode="3"
5    android:versionName="2.3.1" >
6
7    <uses-sdk
8        android:minSdkVersion="26"
9        android:targetSdkVersion="35" />
10
11    <uses-permission android:name="android.permission.INTERNET" />
11-->src\main\AndroidManifest.xml:5:5-67
11-->src\main\AndroidManifest.xml:5:22-64
12
13    <!-- Android 13+ (API 33+) 使用细分媒体权限 -->
14    <uses-permission android:name="android.permission.READ_MEDIA_IMAGES" />
14-->src\main\AndroidManifest.xml:8:5-76
14-->src\main\AndroidManifest.xml:8:22-73
15    <uses-permission android:name="android.permission.READ_MEDIA_VIDEO" />
15-->src\main\AndroidManifest.xml:9:5-75
15-->src\main\AndroidManifest.xml:9:22-72
16    <uses-permission android:name="android.permission.READ_MEDIA_AUDIO" />
16-->src\main\AndroidManifest.xml:10:5-75
16-->src\main\AndroidManifest.xml:10:22-72
17
18    <!-- Android 12 及以下使用传统存储权限 -->
19    <uses-permission
19-->src\main\AndroidManifest.xml:13:5-14:38
20        android:name="android.permission.WRITE_EXTERNAL_STORAGE"
20-->src\main\AndroidManifest.xml:13:22-78
21        android:maxSdkVersion="32" />
21-->src\main\AndroidManifest.xml:14:9-35
22    <uses-permission
22-->src\main\AndroidManifest.xml:15:5-16:38
23        android:name="android.permission.READ_EXTERNAL_STORAGE"
23-->src\main\AndroidManifest.xml:15:22-77
24        android:maxSdkVersion="32" />
24-->src\main\AndroidManifest.xml:16:9-35
25
26    <permission
26-->[androidx.core:core:1.15.0] AndroidManifest.xml:22:5-24:47
27        android:name="com.finance.loanmanager.DYNAMIC_RECEIVER_NOT_EXPORTED_PERMISSION"
27-->[androidx.core:core:1.15.0] AndroidManifest.xml:23:9-81
28        android:protectionLevel="signature" />
28-->[androidx.core:core:1.15.0] AndroidManifest.xml:24:9-44
29
30    <uses-permission android:name="com.finance.loanmanager.DYNAMIC_RECEIVER_NOT_EXPORTED_PERMISSION" />
30-->[androidx.core:core:1.15.0] AndroidManifest.xml:26:5-97
30-->[androidx.core:core:1.15.0] AndroidManifest.xml:26:22-94
31
32    <application
32-->src\main\AndroidManifest.xml:18:5-145:19
33        android:name="com.finance.loanmanager.LoanManagerApplication"
33-->src\main\AndroidManifest.xml:25:9-47
34        android:allowBackup="true"
34-->src\main\AndroidManifest.xml:19:9-35
35        android:appComponentFactory="androidx.core.app.CoreComponentFactory"
35-->[androidx.core:core:1.15.0] AndroidManifest.xml:28:18-86
36        android:configChanges="orientation|screenSize|smallestScreenSize|screenLayout"
36-->src\main\AndroidManifest.xml:30:9-87
37        android:enableOnBackInvokedCallback="true"
37-->src\main\AndroidManifest.xml:26:9-51
38        android:extractNativeLibs="false"
39        android:icon="@mipmap/ic_launcher"
39-->src\main\AndroidManifest.xml:20:9-43
40        android:label="@string/app_name"
40-->src\main\AndroidManifest.xml:21:9-41
41        android:requestLegacyExternalStorage="true"
41-->src\main\AndroidManifest.xml:27:9-52
42        android:resizeableActivity="true"
42-->src\main\AndroidManifest.xml:28:9-42
43        android:roundIcon="@mipmap/ic_launcher_round"
43-->src\main\AndroidManifest.xml:22:9-54
44        android:screenOrientation="unspecified"
44-->src\main\AndroidManifest.xml:29:9-48
45        android:supportsRtl="true"
45-->src\main\AndroidManifest.xml:23:9-35
46        android:theme="@style/Theme.LoanManager" >
46-->src\main\AndroidManifest.xml:24:9-49
47
48        <!-- FileProvider for UCrop -->
49        <provider
50            android:name="androidx.core.content.FileProvider"
50-->src\main\AndroidManifest.xml:34:13-62
51            android:authorities="com.finance.loanmanager.fileprovider"
51-->src\main\AndroidManifest.xml:35:13-64
52            android:exported="false"
52-->src\main\AndroidManifest.xml:36:13-37
53            android:grantUriPermissions="true" >
53-->src\main\AndroidManifest.xml:37:13-47
54            <meta-data
54-->src\main\AndroidManifest.xml:38:13-40:54
55                android:name="android.support.FILE_PROVIDER_PATHS"
55-->src\main\AndroidManifest.xml:39:17-67
56                android:resource="@xml/file_paths" />
56-->src\main\AndroidManifest.xml:40:17-51
57        </provider>
58
59        <activity
59-->src\main\AndroidManifest.xml:43:9-57:20
60            android:name="com.finance.loanmanager.ui.main.MainActivity"
60-->src\main\AndroidManifest.xml:44:13-49
61            android:configChanges="orientation|screenSize|smallestScreenSize|screenLayout|density|uiMode|layoutDirection"
61-->src\main\AndroidManifest.xml:47:13-122
62            android:exported="true"
62-->src\main\AndroidManifest.xml:45:13-36
63            android:launchMode="singleTop"
63-->src\main\AndroidManifest.xml:52:13-43
64            android:resizeableActivity="true"
64-->src\main\AndroidManifest.xml:50:13-46
65            android:screenOrientation="unspecified"
65-->src\main\AndroidManifest.xml:49:13-52
66            android:supportsPictureInPicture="false"
66-->src\main\AndroidManifest.xml:51:13-53
67            android:theme="@style/Theme.LoanManager.NoActionBar"
67-->src\main\AndroidManifest.xml:46:13-65
68            android:windowLayoutInDisplayCutoutMode="shortEdges" >
68-->src\main\AndroidManifest.xml:48:13-65
69            <intent-filter>
69-->src\main\AndroidManifest.xml:53:13-56:29
70                <action android:name="android.intent.action.MAIN" />
70-->src\main\AndroidManifest.xml:54:17-69
70-->src\main\AndroidManifest.xml:54:25-66
71
72                <category android:name="android.intent.category.LAUNCHER" />
72-->src\main\AndroidManifest.xml:55:17-77
72-->src\main\AndroidManifest.xml:55:27-74
73            </intent-filter>
74        </activity>
75        <activity
75-->src\main\AndroidManifest.xml:59:9-64:68
76            android:name="com.finance.loanmanager.ui.loan.AddLoanActivity"
76-->src\main\AndroidManifest.xml:60:13-52
77            android:configChanges="orientation|screenSize|smallestScreenSize|screenLayout"
77-->src\main\AndroidManifest.xml:63:13-91
78            android:label="@string/add_loan"
78-->src\main\AndroidManifest.xml:61:13-45
79            android:parentActivityName="com.finance.loanmanager.ui.main.MainActivity"
79-->src\main\AndroidManifest.xml:62:13-63
80            android:windowLayoutInDisplayCutoutMode="shortEdges" />
80-->src\main\AndroidManifest.xml:64:13-65
81        <activity
81-->src\main\AndroidManifest.xml:66:9-71:68
82            android:name="com.finance.loanmanager.ui.loan.LoanListActivity"
82-->src\main\AndroidManifest.xml:67:13-53
83            android:configChanges="orientation|screenSize|smallestScreenSize|screenLayout"
83-->src\main\AndroidManifest.xml:70:13-91
84            android:label="@string/loan_list"
84-->src\main\AndroidManifest.xml:68:13-46
85            android:parentActivityName="com.finance.loanmanager.ui.main.MainActivity"
85-->src\main\AndroidManifest.xml:69:13-63
86            android:windowLayoutInDisplayCutoutMode="shortEdges" />
86-->src\main\AndroidManifest.xml:71:13-65
87        <activity
87-->src\main\AndroidManifest.xml:73:9-78:68
88            android:name="com.finance.loanmanager.ui.loan.LoanDetailActivity"
88-->src\main\AndroidManifest.xml:74:13-55
89            android:configChanges="orientation|screenSize|smallestScreenSize|screenLayout"
89-->src\main\AndroidManifest.xml:77:13-91
90            android:label="@string/loan_detail"
90-->src\main\AndroidManifest.xml:75:13-48
91            android:parentActivityName="com.finance.loanmanager.ui.loan.LoanListActivity"
91-->src\main\AndroidManifest.xml:76:13-67
92            android:windowLayoutInDisplayCutoutMode="shortEdges" />
92-->src\main\AndroidManifest.xml:78:13-65
93        <activity
93-->src\main\AndroidManifest.xml:80:9-85:68
94            android:name="com.finance.loanmanager.ui.schedule.PaymentScheduleActivity"
94-->src\main\AndroidManifest.xml:81:13-64
95            android:configChanges="orientation|screenSize|smallestScreenSize|screenLayout"
95-->src\main\AndroidManifest.xml:84:13-91
96            android:label="@string/payment_schedule"
96-->src\main\AndroidManifest.xml:82:13-53
97            android:parentActivityName="com.finance.loanmanager.ui.loan.LoanDetailActivity"
97-->src\main\AndroidManifest.xml:83:13-69
98            android:windowLayoutInDisplayCutoutMode="shortEdges" />
98-->src\main\AndroidManifest.xml:85:13-65
99        <activity
99-->src\main\AndroidManifest.xml:87:9-92:68
100            android:name="com.finance.loanmanager.ui.monthly.MonthlyTotalActivity"
100-->src\main\AndroidManifest.xml:88:13-60
101            android:configChanges="orientation|screenSize|smallestScreenSize|screenLayout"
101-->src\main\AndroidManifest.xml:91:13-91
102            android:label="@string/monthly_total"
102-->src\main\AndroidManifest.xml:89:13-50
103            android:parentActivityName="com.finance.loanmanager.ui.main.MainActivity"
103-->src\main\AndroidManifest.xml:90:13-63
104            android:windowLayoutInDisplayCutoutMode="shortEdges" />
104-->src\main\AndroidManifest.xml:92:13-65
105        <activity
105-->src\main\AndroidManifest.xml:94:9-99:68
106            android:name="com.finance.loanmanager.ui.data.DataManagementActivity"
106-->src\main\AndroidManifest.xml:95:13-59
107            android:configChanges="orientation|screenSize|smallestScreenSize|screenLayout"
107-->src\main\AndroidManifest.xml:98:13-91
108            android:label="@string/data_management"
108-->src\main\AndroidManifest.xml:96:13-52
109            android:parentActivityName="com.finance.loanmanager.ui.main.MainActivity"
109-->src\main\AndroidManifest.xml:97:13-63
110            android:windowLayoutInDisplayCutoutMode="shortEdges" />
110-->src\main\AndroidManifest.xml:99:13-65
111        <activity
111-->src\main\AndroidManifest.xml:101:9-106:68
112            android:name="com.finance.loanmanager.ui.settings.BackgroundSettingsActivity"
112-->src\main\AndroidManifest.xml:102:13-67
113            android:configChanges="orientation|screenSize|smallestScreenSize|screenLayout"
113-->src\main\AndroidManifest.xml:105:13-91
114            android:label="@string/personalization_settings"
114-->src\main\AndroidManifest.xml:103:13-61
115            android:parentActivityName="com.finance.loanmanager.ui.main.MainActivity"
115-->src\main\AndroidManifest.xml:104:13-63
116            android:windowLayoutInDisplayCutoutMode="shortEdges" />
116-->src\main\AndroidManifest.xml:106:13-65
117
118        <!-- Savings Module -->
119        <activity
119-->src\main\AndroidManifest.xml:109:9-114:68
120            android:name="com.finance.loanmanager.ui.savings.SavingsMainActivity"
120-->src\main\AndroidManifest.xml:110:13-59
121            android:configChanges="orientation|screenSize|smallestScreenSize|screenLayout"
121-->src\main\AndroidManifest.xml:113:13-91
122            android:label="@string/savings"
122-->src\main\AndroidManifest.xml:111:13-44
123            android:parentActivityName="com.finance.loanmanager.ui.main.MainActivity"
123-->src\main\AndroidManifest.xml:112:13-63
124            android:windowLayoutInDisplayCutoutMode="shortEdges" />
124-->src\main\AndroidManifest.xml:114:13-65
125        <activity
125-->src\main\AndroidManifest.xml:116:9-121:68
126            android:name="com.finance.loanmanager.ui.savings.AddEditSavingsActivity"
126-->src\main\AndroidManifest.xml:117:13-62
127            android:configChanges="orientation|screenSize|smallestScreenSize|screenLayout"
127-->src\main\AndroidManifest.xml:120:13-91
128            android:label="@string/savings_add_record"
128-->src\main\AndroidManifest.xml:118:13-55
129            android:parentActivityName="com.finance.loanmanager.ui.savings.SavingsMainActivity"
129-->src\main\AndroidManifest.xml:119:13-73
130            android:windowLayoutInDisplayCutoutMode="shortEdges" />
130-->src\main\AndroidManifest.xml:121:13-65
131        <activity
131-->src\main\AndroidManifest.xml:123:9-128:68
132            android:name="com.finance.loanmanager.ui.savings.SavingsHistoryActivity"
132-->src\main\AndroidManifest.xml:124:13-62
133            android:configChanges="orientation|screenSize|smallestScreenSize|screenLayout"
133-->src\main\AndroidManifest.xml:127:13-91
134            android:label="@string/savings_history"
134-->src\main\AndroidManifest.xml:125:13-52
135            android:parentActivityName="com.finance.loanmanager.ui.savings.SavingsMainActivity"
135-->src\main\AndroidManifest.xml:126:13-73
136            android:windowLayoutInDisplayCutoutMode="shortEdges" />
136-->src\main\AndroidManifest.xml:128:13-65
137        <activity
137-->src\main\AndroidManifest.xml:130:9-135:68
138            android:name="com.finance.loanmanager.ui.savings.SavingsChartActivity"
138-->src\main\AndroidManifest.xml:131:13-60
139            android:configChanges="orientation|screenSize|smallestScreenSize|screenLayout"
139-->src\main\AndroidManifest.xml:134:13-91
140            android:label="@string/savings_chart"
140-->src\main\AndroidManifest.xml:132:13-50
141            android:parentActivityName="com.finance.loanmanager.ui.savings.SavingsMainActivity"
141-->src\main\AndroidManifest.xml:133:13-73
142            android:windowLayoutInDisplayCutoutMode="shortEdges" />
142-->src\main\AndroidManifest.xml:135:13-65
143
144        <!-- UCrop Activity -->
145        <activity
145-->src\main\AndroidManifest.xml:138:9-143:68
146            android:name="com.yalantis.ucrop.UCropActivity"
146-->src\main\AndroidManifest.xml:139:13-60
147            android:screenOrientation="portrait"
147-->src\main\AndroidManifest.xml:140:13-49
148            android:theme="@style/UCropTheme"
148-->src\main\AndroidManifest.xml:141:13-46
149            android:windowLayoutInDisplayCutoutMode="shortEdges"
149-->src\main\AndroidManifest.xml:143:13-65
150            android:windowSoftInputMode="adjustPan" />
150-->src\main\AndroidManifest.xml:142:13-52
151
152        <provider
152-->[androidx.emoji2:emoji2:1.3.0] AndroidManifest.xml:24:9-32:20
153            android:name="androidx.startup.InitializationProvider"
153-->[androidx.emoji2:emoji2:1.3.0] AndroidManifest.xml:25:13-67
154            android:authorities="com.finance.loanmanager.androidx-startup"
154-->[androidx.emoji2:emoji2:1.3.0] AndroidManifest.xml:26:13-68
155            android:exported="false" >
155-->[androidx.emoji2:emoji2:1.3.0] AndroidManifest.xml:27:13-37
156            <meta-data
156-->[androidx.emoji2:emoji2:1.3.0] AndroidManifest.xml:29:13-31:52
157                android:name="androidx.emoji2.text.EmojiCompatInitializer"
157-->[androidx.emoji2:emoji2:1.3.0] AndroidManifest.xml:30:17-75
158                android:value="androidx.startup" />
158-->[androidx.emoji2:emoji2:1.3.0] AndroidManifest.xml:31:17-49
159            <meta-data
159-->[androidx.lifecycle:lifecycle-process:2.8.7] AndroidManifest.xml:29:13-31:52
160                android:name="androidx.lifecycle.ProcessLifecycleInitializer"
160-->[androidx.lifecycle:lifecycle-process:2.8.7] AndroidManifest.xml:30:17-78
161                android:value="androidx.startup" />
161-->[androidx.lifecycle:lifecycle-process:2.8.7] AndroidManifest.xml:31:17-49
162            <meta-data
162-->[androidx.profileinstaller:profileinstaller:1.4.0] AndroidManifest.xml:29:13-31:52
163                android:name="androidx.profileinstaller.ProfileInstallerInitializer"
163-->[androidx.profileinstaller:profileinstaller:1.4.0] AndroidManifest.xml:30:17-85
164                android:value="androidx.startup" />
164-->[androidx.profileinstaller:profileinstaller:1.4.0] AndroidManifest.xml:31:17-49
165        </provider>
166
167        <service
167-->[androidx.room:room-runtime:2.6.1] AndroidManifest.xml:24:9-28:63
168            android:name="androidx.room.MultiInstanceInvalidationService"
168-->[androidx.room:room-runtime:2.6.1] AndroidManifest.xml:25:13-74
169            android:directBootAware="true"
169-->[androidx.room:room-runtime:2.6.1] AndroidManifest.xml:26:13-43
170            android:exported="false" />
170-->[androidx.room:room-runtime:2.6.1] AndroidManifest.xml:27:13-37
171
172        <receiver
172-->[androidx.profileinstaller:profileinstaller:1.4.0] AndroidManifest.xml:34:9-52:20
173            android:name="androidx.profileinstaller.ProfileInstallReceiver"
173-->[androidx.profileinstaller:profileinstaller:1.4.0] AndroidManifest.xml:35:13-76
174            android:directBootAware="false"
174-->[androidx.profileinstaller:profileinstaller:1.4.0] AndroidManifest.xml:36:13-44
175            android:enabled="true"
175-->[androidx.profileinstaller:profileinstaller:1.4.0] AndroidManifest.xml:37:13-35
176            android:exported="true"
176-->[androidx.profileinstaller:profileinstaller:1.4.0] AndroidManifest.xml:38:13-36
177            android:permission="android.permission.DUMP" >
177-->[androidx.profileinstaller:profileinstaller:1.4.0] AndroidManifest.xml:39:13-57
178            <intent-filter>
178-->[androidx.profileinstaller:profileinstaller:1.4.0] AndroidManifest.xml:40:13-42:29
179                <action android:name="androidx.profileinstaller.action.INSTALL_PROFILE" />
179-->[androidx.profileinstaller:profileinstaller:1.4.0] AndroidManifest.xml:41:17-91
179-->[androidx.profileinstaller:profileinstaller:1.4.0] AndroidManifest.xml:41:25-88
180            </intent-filter>
181            <intent-filter>
181-->[androidx.profileinstaller:profileinstaller:1.4.0] AndroidManifest.xml:43:13-45:29
182                <action android:name="androidx.profileinstaller.action.SKIP_FILE" />
182-->[androidx.profileinstaller:profileinstaller:1.4.0] AndroidManifest.xml:44:17-85
182-->[androidx.profileinstaller:profileinstaller:1.4.0] AndroidManifest.xml:44:25-82
183            </intent-filter>
184            <intent-filter>
184-->[androidx.profileinstaller:profileinstaller:1.4.0] AndroidManifest.xml:46:13-48:29
185                <action android:name="androidx.profileinstaller.action.SAVE_PROFILE" />
185-->[androidx.profileinstaller:profileinstaller:1.4.0] AndroidManifest.xml:47:17-88
185-->[androidx.profileinstaller:profileinstaller:1.4.0] AndroidManifest.xml:47:25-85
186            </intent-filter>
187            <intent-filter>
187-->[androidx.profileinstaller:profileinstaller:1.4.0] AndroidManifest.xml:49:13-51:29
188                <action android:name="androidx.profileinstaller.action.BENCHMARK_OPERATION" />
188-->[androidx.profileinstaller:profileinstaller:1.4.0] AndroidManifest.xml:50:17-95
188-->[androidx.profileinstaller:profileinstaller:1.4.0] AndroidManifest.xml:50:25-92
189            </intent-filter>
190        </receiver>
191    </application>
192
193</manifest>